<?xml version="1.0" encoding="UTF-8"?>
<testng-results ignored="0" total="1" passed="1" failed="0" skipped="0">
  <reporter-output>
  </reporter-output>
  <suite started-at="2023-12-30T20:52:10 IST" name="Default suite" finished-at="2023-12-30T20:52:15 IST" duration-ms="4772">
    <groups>
    </groups>
    <test started-at="2023-12-30T20:52:10 IST" name="Default test" finished-at="2023-12-30T20:52:15 IST" duration-ms="4772">
      <class name="prct.Runpgm">
        <test-method is-config="true" signature="launch()[pri:0, instance:prct.Runpgm@6ef888f6]" started-at="2023-12-30T20:52:10 IST" name="launch" finished-at="2023-12-30T20:52:14 IST" duration-ms="4533" status="PASS">
          <reporter-output>
          </reporter-output>
        </test-method> <!-- launch -->
        <test-method signature="signup()[pri:0, instance:prct.Runpgm@6ef888f6]" started-at="2023-12-30T20:52:14 IST" name="signup" finished-at="2023-12-30T20:52:15 IST" duration-ms="195" status="PASS">
          <reporter-output>
          </reporter-output>
        </test-method> <!-- signup -->
        <test-method is-config="true" signature="close()[pri:0, instance:prct.Runpgm@6ef888f6]" started-at="2023-12-30T20:52:15 IST" name="close" finished-at="2023-12-30T20:52:15 IST" duration-ms="0" status="PASS">
          <reporter-output>
          </reporter-output>
        </test-method> <!-- close -->
      </class> <!-- prct.Runpgm -->
    </test> <!-- Default test -->
  </suite> <!-- Default suite -->
</testng-results>
